============================= test session starts =============================
platform win32 -- Python 3.14.3, pytest-9.1.1, pluggy-1.6.0 -- C:\Users\zhouhuanhuan\AppData\Local\Python\pythoncore-3.14-64\python.exe
cachedir: .pytest_cache
rootdir: E:\备份管理平台\backup_platform
plugins: anyio-4.13.0
collecting ... collected 397 items

tests/test_ai_agent.py::TestToolRegistry::test_empty_registry PASSED     [  0%]
tests/test_ai_agent.py::TestToolRegistry::test_get_nonexistent_returns_none PASSED [  0%]
tests/test_ai_agent.py::TestToolRegistry::test_list_all PASSED           [  0%]
tests/test_ai_agent.py::TestToolRegistry::test_register_and_get PASSED   [  1%]
tests/test_ai_agent.py::TestToolRegistry::test_register_overwrites PASSED [  1%]
tests/test_ai_agent.py::TestToolRegistry::test_to_openai_tools_format PASSED [  1%]
tests/test_ai_agent.py::TestToolRegistry::test_tools_description_for_prompt PASSED [  1%]
tests/test_ai_agent.py::TestToolSchemas::test_all_7_tools_registered PASSED [  2%]
tests/test_ai_agent.py::TestToolSchemas::test_all_tools_have_executor PASSED [  2%]
tests/test_ai_agent.py::TestToolSchemas::test_get_inspection_report_schema PASSED [  2%]
tests/test_ai_agent.py::TestToolSchemas::test_get_storage_usage_schema PASSED [  2%]
tests/test_ai_agent.py::TestToolSchemas::test_list_alert_predictions_schema PASSED [  3%]
tests/test_ai_agent.py::TestToolSchemas::test_list_recent_records_schema PASSED [  3%]
tests/test_ai_agent.py::TestToolSchemas::test_list_tasks_schema PASSED   [  3%]
tests/test_ai_agent.py::TestToolSchemas::test_run_backup_task_schema PASSED [  3%]
tests/test_ai_agent.py::TestToolSchemas::test_run_inspection_schema PASSED [  4%]
tests/test_ai_agent.py::TestToolSchemas::test_tool_names_match_prd PASSED [  4%]
tests/test_ai_agent.py::TestSessionCRUD::test_create_session PASSED      [  4%]
tests/test_ai_agent.py::TestSessionCRUD::test_create_session_default_title PASSED [  4%]
tests/test_ai_agent.py::TestSessionCRUD::test_delete_session PASSED      [  5%]
tests/test_ai_agent.py::TestSessionCRUD::test_get_session_nonexistent PASSED [  5%]
tests/test_ai_agent.py::TestSessionCRUD::test_list_sessions PASSED       [  5%]
tests/test_ai_agent.py::TestSessionCRUD::test_update_session_title PASSED [  5%]
tests/test_ai_agent.py::TestSessionCRUD::test_update_session_updated_at PASSED [  6%]
tests/test_ai_agent.py::TestMessageCRUD::test_add_assistant_message PASSED [  6%]
tests/test_ai_agent.py::TestMessageCRUD::test_add_assistant_message_with_tool_calls PASSED [  6%]
tests/test_ai_agent.py::TestMessageCRUD::test_add_tool_message PASSED    [  6%]
tests/test_ai_agent.py::TestMessageCRUD::test_add_user_message PASSED    [  7%]
tests/test_ai_agent.py::TestMessageCRUD::test_auto_title_from_first_message PASSED [  7%]
tests/test_ai_agent.py::TestMessageCRUD::test_build_messages_for_llm PASSED [  7%]
tests/test_ai_agent.py::TestMessageCRUD::test_delete_session_removes_messages PASSED [  7%]
tests/test_ai_agent.py::TestMessageCRUD::test_get_history PASSED         [  8%]
tests/test_ai_agent.py::TestMessageCRUD::test_get_history_limit PASSED   [  8%]
tests/test_ai_agent.py::TestLLMResponseParsing::test_parse_embedded_json_in_text PASSED [  8%]
tests/test_ai_agent.py::TestLLMResponseParsing::test_parse_empty_text PASSED [  8%]
tests/test_ai_agent.py::TestLLMResponseParsing::test_parse_json_code_block_answer PASSED [  9%]
tests/test_ai_agent.py::TestLLMResponseParsing::test_parse_json_code_block_confirm_required PASSED [  9%]
tests/test_ai_agent.py::TestLLMResponseParsing::test_parse_json_code_block_tool_call PASSED [  9%]
tests/test_ai_agent.py::TestLLMResponseParsing::test_parse_json_without_type_but_with_content PASSED [  9%]
tests/test_ai_agent.py::TestLLMResponseParsing::test_parse_json_without_type_but_with_tool PASSED [ 10%]
tests/test_ai_agent.py::TestLLMResponseParsing::test_parse_plain_text_as_answer PASSED [ 10%]
tests/test_ai_agent.py::TestLLMResponseParsing::test_parse_pure_json_answer PASSED [ 10%]
tests/test_ai_agent.py::TestLLMResponseParsing::test_parse_pure_json_tool_call PASSED [ 10%]
tests/test_ai_agent.py::TestLLMResponseParsing::test_parse_react_action_format PASSED [ 11%]
tests/test_ai_agent.py::TestLLMResponseParsing::test_parse_react_action_nonjson_input PASSED [ 11%]
tests/test_ai_agent.py::TestTruncatedResponseParsing::test_closed_fence_confirm_required_regression PASSED [ 11%]
tests/test_ai_agent.py::TestTruncatedResponseParsing::test_closed_fence_normal_json_regression PASSED [ 11%]
tests/test_ai_agent.py::TestTruncatedResponseParsing::test_live_defect_sample_no_fence_leak PASSED [ 12%]
tests/test_ai_agent.py::TestTruncatedResponseParsing::test_non_json_code_fence_preserved PASSED [ 12%]
tests/test_ai_agent.py::TestTruncatedResponseParsing::test_plain_text_no_fence_regression PASSED [ 12%]
tests/test_ai_agent.py::TestTruncatedResponseParsing::test_truncated_before_content_value_falls_back PASSED [ 12%]
tests/test_ai_agent.py::TestTruncatedResponseParsing::test_truncated_json_unescapes_quotes_and_backslash PASSED [ 13%]
tests/test_ai_agent.py::TestTruncatedResponseParsing::test_truncated_json_without_fence PASSED [ 13%]
tests/test_ai_agent.py::TestTruncatedResponseParsing::test_unclosed_fence_with_complete_json PASSED [ 13%]
tests/test_ai_agent.py::TestTruncatedResponseParsing::test_unclosed_fence_with_complete_json_tool_call PASSED [ 13%]
tests/test_ai_agent.py::TestTruncatedResponseParsing::test_unclosed_fence_with_truncated_json PASSED [ 14%]
tests/test_ai_agent.py::TestMaxTokensConfiguration::test_agent_requests_larger_budget PASSED [ 14%]
tests/test_ai_agent.py::TestMaxTokensConfiguration::test_alert_path_request_body_still_1024 PASSED [ 14%]
tests/test_ai_agent.py::TestMaxTokensConfiguration::test_caller_override_wins PASSED [ 14%]
tests/test_ai_agent.py::TestMaxTokensConfiguration::test_config_value_used_when_no_override PASSED [ 15%]
tests/test_ai_agent.py::TestMaxTokensConfiguration::test_default_max_tokens_is_1024 PASSED [ 15%]
tests/test_ai_agent.py::TestMaxTokensConfiguration::test_invalid_values_fall_back_to_default PASSED [ 15%]
tests/test_ai_agent.py::TestDangerousConfirm::test_confirm_reason_for_backup_task PASSED [ 15%]
tests/test_ai_agent.py::TestDangerousConfirm::test_confirm_reason_for_full_inspection PASSED [ 16%]
tests/test_ai_agent.py::TestDangerousConfirm::test_list_tasks_no_confirm PASSED [ 16%]
tests/test_ai_agent.py::TestDangerousConfirm::test_missing_required_param_returns_error PASSED [ 16%]
tests/test_ai_agent.py::TestDangerousConfirm::test_nonexistent_tool_returns_error PASSED [ 16%]
tests/test_ai_agent.py::TestDangerousConfirm::test_run_backup_task_requires_confirm PASSED [ 17%]
tests/test_ai_agent.py::TestDangerousConfirm::test_run_inspection_requires_confirm PASSED [ 17%]
tests/test_ai_agent.py::TestEndToEnd::test_ai_model_not_enabled PASSED   [ 17%]
tests/test_ai_agent.py::TestEndToEnd::test_build_system_prompt_contains_tools PASSED [ 17%]
tests/test_ai_agent.py::TestEndToEnd::test_confirm_and_execute PASSED    [ 18%]
tests/test_ai_agent.py::TestEndToEnd::test_confirm_invalid_id PASSED     [ 18%]
tests/test_ai_agent.py::TestEndToEnd::test_confirm_rejected PASSED       [ 18%]
tests/test_ai_agent.py::TestEndToEnd::test_confirm_required_flow PASSED  [ 18%]
tests/test_ai_agent.py::TestEndToEnd::test_list_tasks_returns_array_body_no_crash PASSED [ 19%]
tests/test_ai_agent.py::TestEndToEnd::test_llm_failure_graceful_degradation PASSED [ 19%]
tests/test_ai_agent.py::TestEndToEnd::test_pure_qa_flow PASSED           [ 19%]
tests/test_ai_agent.py::TestEndToEnd::test_react_max_rounds_force_output PASSED [ 19%]
tests/test_ai_agent.py::TestEndToEnd::test_session_nonexistent_returns_error PASSED [ 20%]
tests/test_ai_agent.py::TestEndToEnd::test_tool_call_flow PASSED         [ 20%]
tests/test_ai_agent.py::TestExecutorDetails::test_build_confirm_reason_backup PASSED [ 20%]
tests/test_ai_agent.py::TestExecutorDetails::test_build_confirm_reason_full_inspection PASSED [ 20%]
tests/test_ai_agent.py::TestExecutorDetails::test_build_confirm_reason_quick_inspection PASSED [ 21%]
tests/test_ai_agent.py::TestExecutorDetails::test_resolve_path_no_placeholder PASSED [ 21%]
tests/test_ai_agent.py::TestExecutorDetails::test_resolve_path_with_placeholder PASSED [ 21%]
tests/test_ai_agent.py::TestExecutorDetails::test_validate_args_fills_defaults PASSED [ 21%]
tests/test_ai_agent.py::TestExecutorDetails::test_validate_args_required_missing PASSED [ 22%]
tests/test_ai_agent.py::TestExecutorDetails::test_validate_args_required_present PASSED [ 22%]
tests/test_ai_agent.py::TestExecutorHttpResponseWrapping::test_call_get_array_body_wrapped_as_collection PASSED [ 22%]
tests/test_ai_agent.py::TestExecutorHttpResponseWrapping::test_call_get_dict_body_passes_through PASSED [ 22%]
tests/test_ai_agent.py::TestExecutorHttpResponseWrapping::test_call_get_invalid_json_returns_raw PASSED [ 23%]
tests/test_ai_agent.py::TestExecutorHttpResponseWrapping::test_call_get_scalar_body_wrapped_no_collection PASSED [ 23%]
tests/test_ai_agent.py::TestExecutorHttpResponseWrapping::test_call_post_array_body_wrapped_as_collection PASSED [ 23%]
tests/test_ai_agent.py::TestExtractContent::test_extract_answer_from_llm_answer_type PASSED [ 23%]
tests/test_ai_agent.py::TestExtractContent::test_extract_answer_from_llm_plain_text PASSED [ 24%]
tests/test_ai_agent.py::TestExtractContent::test_extract_delta_content PASSED [ 24%]
tests/test_ai_agent.py::TestExtractContent::test_extract_empty_response_body PASSED [ 24%]
tests/test_ai_agent.py::TestExtractContent::test_extract_empty_result PASSED [ 24%]
tests/test_ai_agent.py::TestExtractContent::test_extract_list_response_body_dict_elements PASSED [ 25%]
tests/test_ai_agent.py::TestExtractContent::test_extract_list_response_body_message_content PASSED [ 25%]
tests/test_ai_agent.py::TestExtractContent::test_extract_list_response_body_non_json PASSED [ 25%]
tests/test_ai_agent.py::TestExtractContent::test_extract_list_response_body_string_elements PASSED [ 25%]
tests/test_ai_agent.py::TestExtractContent::test_extract_standard_message_content PASSED [ 26%]
tests/test_ai_agent.py::TestExtractContent::test_extract_standard_object_remains_working PASSED [ 26%]
tests/test_ai_alert.py::TestPredictionTransparency::test_create_and_read_prediction_roundtrip PASSED [ 26%]
tests/test_ai_alert.py::TestPredictionTransparency::test_each_analyzer_returns_transparency_fields PASSED [ 26%]
tests/test_ai_alert.py::TestPredictionTransparency::test_list_predictions_returns_basis_as_list PASSED [ 27%]
tests/test_ai_alert.py::TestPredictionTransparency::test_run_all_checks_produces_transparency_fields PASSED [ 27%]
tests/test_ai_alert.py::TestConfigRoundTrip::test_config_round_trip PASSED [ 27%]
tests/test_ai_alert.py::TestL1UsageCorrection::test_l1_usage_fallback_on_local_path_labeled_as_staging PASSED [ 27%]
tests/test_ai_alert.py::TestL1UsageCorrection::test_l1_usage_minio_with_used_pct PASSED [ 28%]
tests/test_ai_alert.py::TestL1UsageCorrection::test_l1_usage_returns_label_not_confusing_l3_as_l1 PASSED [ 28%]
tests/test_ai_alert.py::TestSchemaMigration::test_init_schema_idempotent PASSED [ 28%]
tests/test_ai_alert.py::TestSchemaMigration::test_new_columns_exist PASSED [ 28%]
tests/test_ai_alert_taskdetail.py::TestBackupFailTaskDetails::test_evidence_lives_in_details_not_basis PASSED [ 29%]
tests/test_ai_alert_taskdetail.py::TestBackupFailTaskDetails::test_evidence_record_ids_point_to_real_failed_records PASSED [ 29%]
tests/test_ai_alert_taskdetail.py::TestBackupFailTaskDetails::test_missing_db_type_filled_with_null_not_omitted PASSED [ 29%]
tests/test_ai_alert_taskdetail.py::TestBackupFailTaskDetails::test_task_details_has_two_tasks_with_full_key_set PASSED [ 29%]
tests/test_ai_alert_taskdetail.py::TestBackupFailTaskDetails::test_task_details_sorted_and_suggestion_mapped_by_keyword PASSED [ 30%]
tests/test_ai_alert_taskdetail.py::TestRunAllChecksMetrics::test_run_all_checks_returns_five_metrics PASSED [ 30%]
tests/test_ai_alert_taskdetail.py::TestRunAllChecksMetrics::test_verify_fail_config_subtable_present PASSED [ 30%]
tests/test_ai_alert_taskdetail.py::TestVerifyRiskTampered::test_intact_file_not_flagged_as_l1_failure PASSED [ 30%]
tests/test_ai_alert_taskdetail.py::TestVerifyRiskTampered::test_tampered_file_raises_verify_risk_to_high PASSED [ 31%]
tests/test_ai_alert_taskdetail.py::TestVerifyRiskEmptyChecksum::test_all_checksum_empty_does_not_report_critical PASSED [ 31%]
tests/test_ai_alert_taskdetail.py::TestVerifyRiskEmptyChecksum::test_verified_records_without_checksum_still_no_critical PASSED [ 31%]
tests/test_ai_model.py::TestConfigRoundTrip::test_config_round_trip_with_ai_model PASSED [ 31%]
tests/test_ai_model.py::TestConfigRoundTrip::test_default_config_contains_ai_model PASSED [ 32%]
tests/test_ai_model.py::TestConfigRoundTrip::test_get_config_returns_decrypted_api_key PASSED [ 32%]
tests/test_ai_model.py::TestConfigRoundTrip::test_get_safe_config_masks_api_key PASSED [ 32%]
tests/test_ai_model.py::TestConfigRoundTrip::test_save_config_empty_api_key_preserves_existing PASSED [ 32%]
tests/test_ai_model.py::TestApiKeyEncryption::test_api_key_save_decrypt_roundtrip_through_db PASSED [ 33%]
tests/test_ai_model.py::TestApiKeyEncryption::test_encrypt_decrypt_empty PASSED [ 33%]
tests/test_ai_model.py::TestApiKeyEncryption::test_encrypt_decrypt_plain_text_compat PASSED [ 33%]
tests/test_ai_model.py::TestApiKeyEncryption::test_encrypt_decrypt_roundtrip PASSED [ 34%]
tests/test_ai_model.py::TestApiKeyEncryption::test_encrypt_produces_different_output PASSED [ 34%]
tests/test_ai_model.py::TestComposePromptTruncation::test_compose_prompt_custom_template PASSED [ 34%]
tests/test_ai_model.py::TestComposePromptTruncation::test_compose_prompt_default_template PASSED [ 34%]
tests/test_ai_model.py::TestComposePromptTruncation::test_compose_prompt_truncation PASSED [ 35%]
tests/test_ai_model.py::TestPredictWithAiDegradation::test_predict_with_ai_disabled_returns_rule_engine PASSED [ 35%]
tests/test_ai_model.py::TestPredictWithAiDegradation::test_predict_with_ai_network_failure_degrades_to_rule_engine PASSED [ 35%]
tests/test_ai_model.py::TestPredictWithAiDegradation::test_predict_with_model_uri_none_routes_through_ai PASSED [ 35%]
tests/test_ai_model.py::TestProviderLocal::test_call_model_local_nonexistent_path PASSED [ 36%]
tests/test_ai_model.py::TestProviderLocal::test_provider_local_existing_path PASSED [ 36%]
tests/test_ai_model.py::TestProviderLocal::test_provider_local_nonexistent_path PASSED [ 36%]
tests/test_ai_model.py::TestModelTestEndpoint::test_call_model_mock_failure_degrades PASSED [ 36%]
tests/test_ai_model.py::TestModelTestEndpoint::test_call_model_mock_success PASSED [ 37%]
tests/test_ai_model.py::TestModelTestEndpoint::test_get_model_uri_assembles_correctly PASSED [ 37%]
tests/test_ai_model.py::TestModelTestEndpoint::test_get_model_uri_full_url_no_double_concat PASSED [ 37%]
tests/test_ai_model.py::TestModelTestEndpoint::test_get_model_uri_half_path_no_repeat_v1 PASSED [ 37%]
tests/test_ai_model.py::TestModelTestEndpoint::test_get_model_uri_trailing_slash_removed PASSED [ 38%]
tests/test_ai_model.py::TestModelTestEndpoint::test_model_status_configured PASSED [ 38%]
tests/test_ai_model.py::TestModelTestEndpoint::test_model_status_endpoint_returns_configured PASSED [ 38%]
tests/test_ai_model.py::TestModelTestEndpoint::test_parse_response_empty_content_degrades_to_rule_engine PASSED [ 38%]
tests/test_ai_model.py::TestModelTestEndpoint::test_parse_response_stream_false_json_still_ok PASSED [ 39%]
tests/test_ai_model.py::TestModelTestEndpoint::test_parse_response_streaming_delta_fallback PASSED [ 39%]
tests/test_ai_model.py::TestModelTestEmptyApiKeyOverride::test_override_empty_api_key_preserves_saved_key PASSED [ 39%]
tests/test_ai_model.py::TestModelTestEmptyApiKeyOverride::test_override_nonempty_api_key_replaces_saved_key PASSED [ 39%]
tests/test_ai_model.py::TestSchemaMigration::test_init_schema_idempotent PASSED [ 40%]
tests/test_ai_model.py::TestErrorClassification::test_401_classified_as_auth PASSED [ 40%]
tests/test_ai_model.py::TestErrorClassification::test_403_classified_as_forbidden PASSED [ 40%]
tests/test_ai_model.py::TestErrorClassification::test_404_classified_as_endpoint PASSED [ 40%]
tests/test_ai_model.py::TestErrorClassification::test_429_classified_as_rate_limit PASSED [ 41%]
tests/test_ai_model.py::TestErrorClassification::test_500_classified_as_server_error PASSED [ 41%]
tests/test_ai_model.py::TestErrorClassification::test_503_classified_as_provider_full PASSED [ 41%]
tests/test_ai_model.py::TestErrorClassification::test_503_with_detail_message PASSED [ 41%]
tests/test_ai_model.py::TestErrorClassification::test_call_model_401_returns_structured_error PASSED [ 42%]
tests/test_ai_model.py::TestErrorClassification::test_timeout_classified_as_timeout PASSED [ 42%]
tests/test_ai_model.py::TestProviderPresets::test_provider_presets_contains_required_providers PASSED [ 42%]
tests/test_ai_model.py::TestProviderPresets::test_provider_presets_custom_empty_endpoint PASSED [ 42%]
tests/test_ai_model.py::TestProviderPresets::test_provider_presets_moma_endpoint PASSED [ 43%]
tests/test_ai_model.py::TestProviderPresets::test_provider_presets_structure PASSED [ 43%]
tests/test_link_sources_contract.py::TestLinkSourcesContract::test_empty_db_returns_empty_items PASSED [ 43%]
tests/test_link_sources_contract.py::TestLinkSourcesContract::test_every_item_has_non_empty_status PASSED [ 43%]
tests/test_link_sources_contract.py::TestLinkSourcesContract::test_items_is_flat_array_of_all_sources PASSED [ 44%]
tests/test_link_sources_contract.py::TestLinkSourcesContract::test_legacy_keys_preserved PASSED [ 44%]
tests/test_link_sources_contract.py::TestLinkSourcesContract::test_sources_requires_login PASSED [ 44%]
tests/test_link_sources_contract.py::TestRtSourceRpoField::test_rpo_sec_from_rt_capture_state PASSED [ 44%]
tests/test_link_sources_contract.py::TestRtSourceRpoField::test_rpo_sec_helper_tolerates_bad_values PASSED [ 45%]
tests/test_link_sources_contract.py::TestRtSourceRpoField::test_rpo_sec_is_none_without_state PASSED [ 45%]
tests/test_link_sources_contract.py::TestRtSourceRpoField::test_rt_status_falls_back_to_never PASSED [ 45%]
tests/test_link_sources_contract.py::TestDaemonStoppedHint::test_rt_submit_create_probes_daemon_status PASSED [ 45%]
tests/test_link_sources_contract.py::TestDaemonStoppedHint::test_rt_timeline_page_has_stopped_hint PASSED [ 46%]
tests/test_record_display.py::TestNormalizeHostIp::test_empty PASSED     [ 46%]
tests/test_record_display.py::TestNormalizeHostIp::test_local_ip PASSED  [ 46%]
tests/test_record_display.py::TestNormalizeHostIp::test_localhost_preserved PASSED [ 46%]
tests/test_record_display.py::TestNormalizeHostIp::test_plain_ip PASSED  [ 47%]
tests/test_record_display.py::TestNormalizeHostIp::test_strip_user_and_port PASSED [ 47%]
tests/test_record_display.py::TestConfigMappings::test_backup_type_display PASSED [ 47%]
tests/test_record_display.py::TestConfigMappings::test_db_display_has_file PASSED [ 47%]
tests/test_record_display.py::TestComputeBizLabel::test_biz_system_wins PASSED [ 48%]
tests/test_record_display.py::TestComputeBizLabel::test_blank_falls_back_to_name PASSED [ 48%]
tests/test_record_display.py::TestComputeBizLabel::test_both_empty_returns_placeholder PASSED [ 48%]
tests/test_record_display.py::TestComputeBizLabel::test_never_returns_empty PASSED [ 48%]
tests/test_record_display.py::TestComputeBizLabel::test_none_falls_back_to_name PASSED [ 49%]
tests/test_record_display.py::TestComputeBizLabel::test_result_is_trimmed PASSED [ 49%]
tests/test_record_display.py::TestSchemaMigration::test_column_exists PASSED [ 49%]
tests/test_record_display.py::TestSchemaMigration::test_init_schema_idempotent PASSED [ 49%]
tests/test_record_display.py::TestTaskFieldsWhitelist::test_biz_system_in_whitelist PASSED [ 50%]
tests/test_record_display.py::TestTaskFieldsWhitelist::test_create_then_read_back PASSED [ 50%]
tests/test_record_display.py::TestTaskFieldsWhitelist::test_create_without_biz_system_is_null PASSED [ 50%]
tests/test_record_display.py::TestTaskFieldsWhitelist::test_update_then_read_back PASSED [ 50%]
tests/test_record_display.py::TestListRecords::test_elements_joined PASSED [ 51%]
tests/test_record_display.py::TestListRecords::test_keyword_by_host PASSED [ 51%]
tests/test_record_display.py::TestListRecords::test_keyword_by_name PASSED [ 51%]
tests/test_record_display.py::TestListRestores::test_elements_joined PASSED [ 51%]
tests/test_record_display.py::TestListRestores::test_keyword_by_name PASSED [ 52%]
tests/test_record_display.py::TestBizLabelInRows::test_biz_label_never_empty PASSED [ 52%]
tests/test_record_display.py::TestBizLabelInRows::test_decorate_emits_biz_label PASSED [ 52%]
tests/test_record_display.py::TestBizLabelInRows::test_list_records_emits_biz_label PASSED [ 52%]
tests/test_record_display.py::TestBizLabelInRows::test_list_restores_emits_biz_label PASSED [ 53%]
tests/test_record_display.py::TestBizLabelInRows::test_list_tasks_emits_biz_label PASSED [ 53%]
tests/test_record_display.py::TestKeywordThreeFields::test_null_biz_system_not_matched_wrongly PASSED [ 53%]
tests/test_record_display.py::TestKeywordThreeFields::test_records_empty_keyword_returns_all PASSED [ 53%]
tests/test_record_display.py::TestKeywordThreeFields::test_records_hit_by_biz_system PASSED [ 54%]
tests/test_record_display.py::TestKeywordThreeFields::test_records_hit_by_host PASSED [ 54%]
tests/test_record_display.py::TestKeywordThreeFields::test_records_hit_by_old_name PASSED [ 54%]
tests/test_record_display.py::TestKeywordThreeFields::test_records_no_false_positive PASSED [ 54%]
tests/test_record_display.py::TestKeywordThreeFields::test_restores_hit_by_biz_system PASSED [ 55%]
tests/test_record_display.py::TestKeywordThreeFields::test_restores_hit_by_host PASSED [ 55%]
tests/test_record_display.py::TestKeywordThreeFields::test_restores_hit_by_old_name PASSED [ 55%]
tests/test_record_display.py::TestEnrichedContract::test_biz_label_values PASSED [ 55%]
tests/test_record_display.py::TestEnrichedContract::test_every_item_has_biz_label_and_task_id PASSED [ 56%]
tests/test_record_display.py::TestEnrichedContract::test_task_id_matches_source_task PASSED [ 56%]
tests/test_record_display.py::TestExportHeaderAlignment::test_biz_label_value_in_data_row PASSED [ 56%]
tests/test_record_display.py::TestExportHeaderAlignment::test_biz_system_at_index_2_and_backup_type_kept_at_4 PASSED [ 56%]
tests/test_record_display.py::TestExportHeaderAlignment::test_data_rows_align_with_header PASSED [ 57%]
tests/test_record_display.py::TestExportHeaderAlignment::test_header_is_13_columns PASSED [ 57%]
tests/test_record_display.py::TestValidateBizSystem::test_length_boundary PASSED [ 57%]
tests/test_record_display.py::TestValidateBizSystem::test_optional_allows_empty PASSED [ 57%]
tests/test_record_display.py::TestValidateBizSystem::test_required_rejects_empty PASSED [ 58%]
tests/test_record_display.py::TestValidateBizSystem::test_valid_value PASSED [ 58%]
tests/test_rt_journal.py::TestSchemaMigration::test_backup_tasks_new_columns PASSED [ 58%]
tests/test_rt_journal.py::TestSchemaMigration::test_indexes_exist PASSED [ 58%]
tests/test_rt_journal.py::TestSchemaMigration::test_init_schema_idempotent PASSED [ 59%]
tests/test_rt_journal.py::TestSchemaMigration::test_new_tables_exist PASSED [ 59%]
tests/test_rt_journal.py::TestRtConfig::test_file_task_defaults PASSED   [ 59%]
tests/test_rt_journal.py::TestRtConfig::test_mysql_task_defaults PASSED  [ 59%]
tests/test_rt_journal.py::TestRtConfig::test_task_level_override PASSED  [ 60%]
tests/test_rt_journal.py::TestJournalAppend::test_append_auto_checksum_and_size PASSED [ 60%]
tests/test_rt_journal.py::TestJournalAppend::test_append_idempotent_on_same_object_key PASSED [ 60%]
tests/test_rt_journal.py::TestJournalAppend::test_bulk_append_1000 